  [1m[35m (1.7ms)[0m  [1m[34mSELECT sqlite_version(*)[0m
  [1m[35m (0.9ms)[0m  [1m[35mCREATE TABLE "schema_migrations" ("version" varchar NOT NULL PRIMARY KEY)[0m
  [1m[35m (0.4ms)[0m  [1m[35mCREATE TABLE "ar_internal_metadata" ("key" varchar NOT NULL PRIMARY KEY, "value" varchar, "created_at" datetime(6) NOT NULL, "updated_at" datetime(6) NOT NULL)[0m
  [1m[35m (0.1ms)[0m  [1m[34mSELECT "schema_migrations"."version" FROM "schema_migrations" ORDER BY "schema_migrations"."version" ASC[0m
Migrating to CreateEntries (20220611031352)
  [1m[36mTRANSACTION (0.0ms)[0m  [1m[36mbegin transaction[0m
  [1m[35m (0.2ms)[0m  [1m[35mCREATE TABLE "entries" ("id" integer PRIMARY KEY AUTOINCREMENT NOT NULL, "meal_type" varchar, "calories" integer, "proteins" integer, "carbohydrates" integer, "fats" integer, "created_at" datetime(6) NOT NULL, "updated_at" datetime(6) NOT NULL)[0m
  [1m[36mActiveRecord::SchemaMigration Create (0.6ms)[0m  [1m[32mINSERT INTO "schema_migrations" ("version") VALUES (?)[0m  [["version", "20220611031352"]]
  [1m[36mTRANSACTION (0.3ms)[0m  [1m[36mcommit transaction[0m
  [1m[36mActiveRecord::InternalMetadata Load (1.2ms)[0m  [1m[34mSELECT "ar_internal_metadata".* FROM "ar_internal_metadata" WHERE "ar_internal_metadata"."key" = ? LIMIT ?[0m  [["key", "environment"], ["LIMIT", 1]]
  [1m[36mTRANSACTION (0.0ms)[0m  [1m[36mbegin transaction[0m
  [1m[36mActiveRecord::InternalMetadata Create (0.2ms)[0m  [1m[32mINSERT INTO "ar_internal_metadata" ("key", "value", "created_at", "updated_at") VALUES (?, ?, ?, ?)[0m  [["key", "environment"], ["value", "development"], ["created_at", "2022-06-11 03:14:21.928089"], ["updated_at", "2022-06-11 03:14:21.928089"]]
  [1m[36mTRANSACTION (0.3ms)[0m  [1m[36mcommit transaction[0m
  [1m[35m (0.0ms)[0m  [1m[34mSELECT sqlite_version(*)[0m
  [1m[35m (0.1ms)[0m  [1m[34mSELECT "schema_migrations"."version" FROM "schema_migrations" ORDER BY "schema_migrations"."version" ASC[0m
  [1m[35m (5.5ms)[0m  [1m[34mSELECT sqlite_version(*)[0m
  [1m[35m (0.1ms)[0m  [1m[34mSELECT "schema_migrations"."version" FROM "schema_migrations" ORDER BY "schema_migrations"."version" ASC[0m
  [1m[36mActiveRecord::InternalMetadata Load (1.7ms)[0m  [1m[34mSELECT "ar_internal_metadata".* FROM "ar_internal_metadata" WHERE "ar_internal_metadata"."key" = ? LIMIT ?[0m  [["key", "environment"], ["LIMIT", 1]]
  [1m[35m (0.0ms)[0m  [1m[34mSELECT sqlite_version(*)[0m
  [1m[35m (0.0ms)[0m  [1m[34mSELECT "schema_migrations"."version" FROM "schema_migrations" ORDER BY "schema_migrations"."version" ASC[0m
Started GET "/" for ::1 at 2022-06-10 22:49:14 -0500
  [1m[35m (1.0ms)[0m  [1m[34mSELECT sqlite_version(*)[0m
  [1m[35m (0.1ms)[0m  [1m[34mSELECT "schema_migrations"."version" FROM "schema_migrations" ORDER BY "schema_migrations"."version" ASC[0m
Processing by Rails::WelcomeController#index as HTML
  Rendering /Users/bmattholder/.rvm/gems/ruby-3.0.1/gems/railties-6.1.6/lib/rails/templates/rails/welcome/index.html.erb
  Rendered /Users/bmattholder/.rvm/gems/ruby-3.0.1/gems/railties-6.1.6/lib/rails/templates/rails/welcome/index.html.erb (Duration: 5.0ms | Allocations: 605)
Completed 200 OK in 17ms (Views: 8.2ms | ActiveRecord: 0.0ms | Allocations: 4861)


Started GET "/" for 127.0.0.1 at 2022-06-10 22:50:22 -0500
Processing by Rails::WelcomeController#index as HTML
  Rendering /Users/bmattholder/.rvm/gems/ruby-3.0.1/gems/railties-6.1.6/lib/rails/templates/rails/welcome/index.html.erb
  Rendered /Users/bmattholder/.rvm/gems/ruby-3.0.1/gems/railties-6.1.6/lib/rails/templates/rails/welcome/index.html.erb (Duration: 29.9ms | Allocations: 470)
Completed 200 OK in 37ms (Views: 33.3ms | ActiveRecord: 0.0ms | Allocations: 1796)


Started GET "/" for ::1 at 2022-06-10 23:07:35 -0500
  
LoadError (cannot load such file -- /Users/bmattholder/Virtual-Desktop/Dev/github/foodlog-RoR/config/routes.rb):
  
bootsnap (1.12.0) lib/bootsnap/load_path_cache/core_ext/kernel_require.rb:39:in `load'
bootsnap (1.12.0) lib/bootsnap/load_path_cache/core_ext/kernel_require.rb:39:in `load'
railties (6.1.6) lib/rails/application/routes_reloader.rb:47:in `block in load_paths'
railties (6.1.6) lib/rails/application/routes_reloader.rb:47:in `each'
railties (6.1.6) lib/rails/application/routes_reloader.rb:47:in `load_paths'
railties (6.1.6) lib/rails/application/routes_reloader.rb:21:in `reload!'
railties (6.1.6) lib/rails/application/routes_reloader.rb:35:in `block in updater'
activesupport (6.1.6) lib/active_support/file_update_checker.rb:83:in `execute'
railties (6.1.6) lib/rails/application/routes_reloader.rb:10:in `execute'
railties (6.1.6) lib/rails/application/finisher.rb:208:in `block (2 levels) in <module:Finisher>'
activesupport (6.1.6) lib/active_support/callbacks.rb:427:in `instance_exec'
activesupport (6.1.6) lib/active_support/callbacks.rb:427:in `block in make_lambda'
activesupport (6.1.6) lib/active_support/callbacks.rb:198:in `block (2 levels) in halting'
activesupport (6.1.6) lib/active_support/callbacks.rb:604:in `block (2 levels) in default_terminator'
activesupport (6.1.6) lib/active_support/callbacks.rb:603:in `catch'
activesupport (6.1.6) lib/active_support/callbacks.rb:603:in `block in default_terminator'
activesupport (6.1.6) lib/active_support/callbacks.rb:199:in `block in halting'
activesupport (6.1.6) lib/active_support/callbacks.rb:512:in `block in invoke_before'
activesupport (6.1.6) lib/active_support/callbacks.rb:512:in `each'
activesupport (6.1.6) lib/active_support/callbacks.rb:512:in `invoke_before'
activesupport (6.1.6) lib/active_support/callbacks.rb:105:in `run_callbacks'
activesupport (6.1.6) lib/active_support/execution_wrapper.rb:114:in `run!'
activesupport (6.1.6) lib/active_support/reloader.rb:114:in `run!'
activesupport (6.1.6) lib/active_support/execution_wrapper.rb:77:in `block in run!'
<internal:kernel>:90:in `tap'
activesupport (6.1.6) lib/active_support/execution_wrapper.rb:74:in `run!'
activesupport (6.1.6) lib/active_support/reloader.rb:63:in `run!'
actionpack (6.1.6) lib/action_dispatch/middleware/executor.rb:12:in `call'
actionpack (6.1.6) lib/action_dispatch/middleware/actionable_exceptions.rb:18:in `call'
actionpack (6.1.6) lib/action_dispatch/middleware/debug_exceptions.rb:29:in `call'
web-console (4.2.0) lib/web_console/middleware.rb:132:in `call_app'
web-console (4.2.0) lib/web_console/middleware.rb:28:in `block in call'
web-console (4.2.0) lib/web_console/middleware.rb:17:in `catch'
web-console (4.2.0) lib/web_console/middleware.rb:17:in `call'
actionpack (6.1.6) lib/action_dispatch/middleware/show_exceptions.rb:33:in `call'
railties (6.1.6) lib/rails/rack/logger.rb:37:in `call_app'
railties (6.1.6) lib/rails/rack/logger.rb:26:in `block in call'
activesupport (6.1.6) lib/active_support/tagged_logging.rb:99:in `block in tagged'
activesupport (6.1.6) lib/active_support/tagged_logging.rb:37:in `tagged'
activesupport (6.1.6) lib/active_support/tagged_logging.rb:99:in `tagged'
railties (6.1.6) lib/rails/rack/logger.rb:26:in `call'
sprockets-rails (3.4.2) lib/sprockets/rails/quiet_assets.rb:13:in `call'
actionpack (6.1.6) lib/action_dispatch/middleware/remote_ip.rb:81:in `call'
actionpack (6.1.6) lib/action_dispatch/middleware/request_id.rb:26:in `call'
rack (2.2.3.1) lib/rack/method_override.rb:24:in `call'
rack (2.2.3.1) lib/rack/runtime.rb:22:in `call'
activesupport (6.1.6) lib/active_support/cache/strategy/local_cache_middleware.rb:29:in `call'
actionpack (6.1.6) lib/action_dispatch/middleware/executor.rb:14:in `call'
actionpack (6.1.6) lib/action_dispatch/middleware/static.rb:24:in `call'
rack (2.2.3.1) lib/rack/sendfile.rb:110:in `call'
actionpack (6.1.6) lib/action_dispatch/middleware/host_authorization.rb:148:in `call'
rack-mini-profiler (2.3.4) lib/mini_profiler/profiler.rb:393:in `call'
webpacker (5.4.3) lib/webpacker/dev_server_proxy.rb:25:in `perform_request'
rack-proxy (0.7.2) lib/rack/proxy.rb:67:in `call'
railties (6.1.6) lib/rails/engine.rb:539:in `call'
puma (5.6.4) lib/puma/configuration.rb:252:in `call'
puma (5.6.4) lib/puma/request.rb:77:in `block in handle_request'
puma (5.6.4) lib/puma/thread_pool.rb:340:in `with_force_shutdown'
puma (5.6.4) lib/puma/request.rb:76:in `handle_request'
puma (5.6.4) lib/puma/server.rb:441:in `process_client'
puma (5.6.4) lib/puma/thread_pool.rb:147:in `block in spawn_thread'
MiniProfiler storage failure: No such file or directory @ rb_sysopen - /Users/bmattholder/Virtual-Desktop/Dev/github/foodlog-RoR/tmp/miniprofiler/mp_timers_tjwvdvx4rz1eeenlfn32
Started GET "/favicon.ico" for ::1 at 2022-06-10 23:07:35 -0500
  
ActionController::RoutingError (No route matches [GET] "/favicon.ico"):
  
MiniProfiler storage failure: No such file or directory @ rb_sysopen - /Users/bmattholder/Virtual-Desktop/Dev/github/foodlog-RoR/tmp/miniprofiler/mp_timers_67wciazmdif9v3hhevjx
Started GET "/" for ::1 at 2022-06-10 23:07:41 -0500
  
ActionController::RoutingError (No route matches [GET] "/"):
  
MiniProfiler storage failure: No such file or directory @ rb_sysopen - /Users/bmattholder/Virtual-Desktop/Dev/github/foodlog-RoR/tmp/miniprofiler/mp_timers_z50w005bpp0pouzzlkyh
Started GET "/" for ::1 at 2022-06-10 23:08:55 -0500
  
ActionController::RoutingError (No route matches [GET] "/"):
  
MiniProfiler storage failure: No such file or directory @ rb_sysopen - /Users/bmattholder/Virtual-Desktop/Dev/github/foodlog-RoR/tmp/miniprofiler/mp_timers_q9ti8vkyt7mw6olugw1a
Started GET "/" for ::1 at 2022-06-10 23:09:27 -0500
  
ActionController::RoutingError (No route matches [GET] "/"):
  
MiniProfiler storage failure: No such file or directory @ rb_sysopen - /Users/bmattholder/Virtual-Desktop/Dev/github/foodlog-RoR/tmp/miniprofiler/mp_timers_fpfzbjt1vcw4eberwefz
Started GET "/" for ::1 at 2022-06-10 23:09:29 -0500
  
ActionController::RoutingError (No route matches [GET] "/"):
  
MiniProfiler storage failure: No such file or directory @ rb_sysopen - /Users/bmattholder/Virtual-Desktop/Dev/github/foodlog-RoR/tmp/miniprofiler/mp_timers_ht1xeqzrzfhgfebxmb1b
Started GET "/" for ::1 at 2022-06-10 23:09:54 -0500
  [1m[35m (1.1ms)[0m  [1m[34mSELECT sqlite_version(*)[0m
  [1m[35m (0.1ms)[0m  [1m[34mSELECT "schema_migrations"."version" FROM "schema_migrations" ORDER BY "schema_migrations"."version" ASC[0m
Processing by Rails::WelcomeController#index as HTML
  Rendering /Users/bmattholder/.rvm/gems/ruby-3.0.1/gems/railties-6.1.6/lib/rails/templates/rails/welcome/index.html.erb
  Rendered /Users/bmattholder/.rvm/gems/ruby-3.0.1/gems/railties-6.1.6/lib/rails/templates/rails/welcome/index.html.erb (Duration: 13.9ms | Allocations: 817)
Completed 200 OK in 32ms (Views: 16.6ms | ActiveRecord: 0.0ms | Allocations: 4185)


Started GET "/" for ::1 at 2022-06-10 23:10:02 -0500
  
NoMethodError (undefined method `to' for #<ActionDispatch::Routing::Mapper:0x00007fc920cd2850 @set=#<ActionDispatch::Routing::RouteSet:0x00007fc9019678d8>, @draw_paths=[#<Pathname:/Users/bmattholder/Virtual-Desktop/Dev/github/Ruby-on-Rails-Foodlog/config/routes>], @scope=#<ActionDispatch::Routing::Mapper::Scope:0x00007fc920cd2800 @hash={:path_names=>{:new=>"new", :edit=>"edit"}}, @parent=#<ActionDispatch::Routing::Mapper::Scope:0x00007fc9018c4ae8 @hash=nil, @parent=nil, @scope_level=nil>, @scope_level=nil>, @concerns={}>):
  
config/routes.rb:3:in `block in <main>'
config/routes.rb:1:in `<main>'
Started GET "/" for ::1 at 2022-06-10 23:12:03 -0500
Processing by EntriesController#index as HTML
  Rendering layout layouts/application.html.erb
  Rendering entries/index.html.erb within layouts/application
  [1m[35m (0.1ms)[0m  [1m[34mSELECT sqlite_version(*)[0m
  ↳ app/views/entries/index.html.erb:18
  [1m[36mEntry Load (0.5ms)[0m  [1m[34mSELECT "entries".* FROM "entries"[0m
  ↳ app/views/entries/index.html.erb:18
  Rendered entries/index.html.erb within layouts/application (Duration: 5.3ms | Allocations: 2141)
[Webpacker] Compiling...
[Webpacker] Compilation failed:
node:internal/crypto/hash:67
  this[kHandle] = new _Hash(algorithm, xofLen);
                  ^

Error: error:0308010C:digital envelope routines::unsupported
    at new Hash (node:internal/crypto/hash:67:19)
    at Object.createHash (node:crypto:133:10)
    at module.exports (/Users/bmattholder/Virtual-Desktop/Dev/github/Ruby-on-Rails-Foodlog/node_modules/webpack/lib/util/createHash.js:135:53)
    at NormalModule._initBuildHash (/Users/bmattholder/Virtual-Desktop/Dev/github/Ruby-on-Rails-Foodlog/node_modules/webpack/lib/NormalModule.js:417:16)
    at handleParseError (/Users/bmattholder/Virtual-Desktop/Dev/github/Ruby-on-Rails-Foodlog/node_modules/webpack/lib/NormalModule.js:471:10)
    at /Users/bmattholder/Virtual-Desktop/Dev/github/Ruby-on-Rails-Foodlog/node_modules/webpack/lib/NormalModule.js:503:5
    at /Users/bmattholder/Virtual-Desktop/Dev/github/Ruby-on-Rails-Foodlog/node_modules/webpack/lib/NormalModule.js:358:12
    at /Users/bmattholder/Virtual-Desktop/Dev/github/Ruby-on-Rails-Foodlog/node_modules/loader-runner/lib/LoaderRunner.js:373:3
    at iterateNormalLoaders (/Users/bmattholder/Virtual-Desktop/Dev/github/Ruby-on-Rails-Foodlog/node_modules/loader-runner/lib/LoaderRunner.js:214:10)
    at iterateNormalLoaders (/Users/bmattholder/Virtual-Desktop/Dev/github/Ruby-on-Rails-Foodlog/node_modules/loader-runner/lib/LoaderRunner.js:221:10)
    at /Users/bmattholder/Virtual-Desktop/Dev/github/Ruby-on-Rails-Foodlog/node_modules/loader-runner/lib/LoaderRunner.js:236:3
    at context.callback (/Users/bmattholder/Virtual-Desktop/Dev/github/Ruby-on-Rails-Foodlog/node_modules/loader-runner/lib/LoaderRunner.js:111:13)
    at /Users/bmattholder/Virtual-Desktop/Dev/github/Ruby-on-Rails-Foodlog/node_modules/babel-loader/lib/index.js:59:71 {
  opensslErrorStack: [ 'error:03000086:digital envelope routines::initialization error' ],
  library: 'digital envelope routines',
  reason: 'unsupported',
  code: 'ERR_OSSL_EVP_UNSUPPORTED'
}

Node.js v18.2.0

  Rendered layout layouts/application.html.erb (Duration: 2431.0ms | Allocations: 18844)
Completed 500 Internal Server Error in 2436ms (ActiveRecord: 0.8ms | Allocations: 20913)


  
ActionView::Template::Error (Webpacker can't find application.js in /Users/bmattholder/Virtual-Desktop/Dev/github/Ruby-on-Rails-Foodlog/public/packs/manifest.json. Possible causes:
1. You want to set webpacker.yml value of compile to true for your environment
   unless you are using the `webpack -w` or the webpack-dev-server.
2. webpack has not yet re-run to reflect updates.
3. You have misconfigured Webpacker's config/webpacker.yml file.
4. Your webpack configuration is not creating a manifest.
Your manifest contains:
{
}
):
     7:     <%= csp_meta_tag %>
     8: 
     9:     <%= stylesheet_link_tag 'application', media: 'all', 'data-turbolinks-track': 'reload' %>
    10:     <%= javascript_pack_tag 'application', 'data-turbolinks-track': 'reload' %>
    11:   </head>
    12: 
    13:   <body>
  
app/views/layouts/application.html.erb:10
  [1m[35m (0.7ms)[0m  [1m[34mSELECT sqlite_version(*)[0m
  [1m[36mTRANSACTION (0.2ms)[0m  [1m[36mbegin transaction[0m
  [1m[36mEntry Create (4.2ms)[0m  [1m[32mINSERT INTO "entries" ("meal_type", "calories", "proteins", "carbohydrates", "fats", "created_at", "updated_at") VALUES (?, ?, ?, ?, ?, ?, ?)[0m  [["meal_type", "dinner"], ["calories", 1800], ["proteins", 2], ["carbohydrates", 400], ["fats", 12], ["created_at", "2022-06-11 04:17:38.061324"], ["updated_at", "2022-06-11 04:17:38.061324"]]
  [1m[36mTRANSACTION (0.7ms)[0m  [1m[36mcommit transaction[0m
Started GET "/" for ::1 at 2022-06-10 23:17:42 -0500
Processing by EntriesController#index as HTML
  Rendering layout layouts/application.html.erb
  Rendering entries/index.html.erb within layouts/application
  [1m[36mEntry Load (1.0ms)[0m  [1m[34mSELECT "entries".* FROM "entries"[0m
  ↳ app/views/entries/index.html.erb:18
  Rendered entries/index.html.erb within layouts/application (Duration: 28.9ms | Allocations: 5563)
[Webpacker] Compiling...
[Webpacker] Compilation failed:
node:internal/crypto/hash:67
  this[kHandle] = new _Hash(algorithm, xofLen);
                  ^

Error: error:0308010C:digital envelope routines::unsupported
    at new Hash (node:internal/crypto/hash:67:19)
    at Object.createHash (node:crypto:133:10)
    at module.exports (/Users/bmattholder/Virtual-Desktop/Dev/github/Ruby-on-Rails-Foodlog/node_modules/webpack/lib/util/createHash.js:135:53)
    at NormalModule._initBuildHash (/Users/bmattholder/Virtual-Desktop/Dev/github/Ruby-on-Rails-Foodlog/node_modules/webpack/lib/NormalModule.js:417:16)
    at handleParseError (/Users/bmattholder/Virtual-Desktop/Dev/github/Ruby-on-Rails-Foodlog/node_modules/webpack/lib/NormalModule.js:471:10)
    at /Users/bmattholder/Virtual-Desktop/Dev/github/Ruby-on-Rails-Foodlog/node_modules/webpack/lib/NormalModule.js:503:5
    at /Users/bmattholder/Virtual-Desktop/Dev/github/Ruby-on-Rails-Foodlog/node_modules/webpack/lib/NormalModule.js:358:12
    at /Users/bmattholder/Virtual-Desktop/Dev/github/Ruby-on-Rails-Foodlog/node_modules/loader-runner/lib/LoaderRunner.js:373:3
    at iterateNormalLoaders (/Users/bmattholder/Virtual-Desktop/Dev/github/Ruby-on-Rails-Foodlog/node_modules/loader-runner/lib/LoaderRunner.js:214:10)
    at iterateNormalLoaders (/Users/bmattholder/Virtual-Desktop/Dev/github/Ruby-on-Rails-Foodlog/node_modules/loader-runner/lib/LoaderRunner.js:221:10)
    at /Users/bmattholder/Virtual-Desktop/Dev/github/Ruby-on-Rails-Foodlog/node_modules/loader-runner/lib/LoaderRunner.js:236:3
    at context.callback (/Users/bmattholder/Virtual-Desktop/Dev/github/Ruby-on-Rails-Foodlog/node_modules/loader-runner/lib/LoaderRunner.js:111:13)
    at /Users/bmattholder/Virtual-Desktop/Dev/github/Ruby-on-Rails-Foodlog/node_modules/babel-loader/lib/index.js:59:71 {
  opensslErrorStack: [ 'error:03000086:digital envelope routines::initialization error' ],
  library: 'digital envelope routines',
  reason: 'unsupported',
  code: 'ERR_OSSL_EVP_UNSUPPORTED'
}

Node.js v18.2.0

  Rendered layout layouts/application.html.erb (Duration: 1876.3ms | Allocations: 10832)
Completed 500 Internal Server Error in 1878ms (ActiveRecord: 2.5ms | Allocations: 11251)


  
ActionView::Template::Error (Webpacker can't find application.js in /Users/bmattholder/Virtual-Desktop/Dev/github/Ruby-on-Rails-Foodlog/public/packs/manifest.json. Possible causes:
1. You want to set webpacker.yml value of compile to true for your environment
   unless you are using the `webpack -w` or the webpack-dev-server.
2. webpack has not yet re-run to reflect updates.
3. You have misconfigured Webpacker's config/webpacker.yml file.
4. Your webpack configuration is not creating a manifest.
Your manifest contains:
{
}
):
     7:     <%= csp_meta_tag %>
     8: 
     9:     <%= stylesheet_link_tag 'application', media: 'all', 'data-turbolinks-track': 'reload' %>
    10:     <%= javascript_pack_tag 'application', 'data-turbolinks-track': 'reload' %>
    11:   </head>
    12: 
    13:   <body>
  
app/views/layouts/application.html.erb:10
Started GET "/" for ::1 at 2022-06-10 23:19:13 -0500
Processing by EntriesController#index as HTML
  Rendering layout layouts/application.html.erb
  Rendering entries/index.html.erb within layouts/application
  [1m[36mEntry Load (0.8ms)[0m  [1m[34mSELECT "entries".* FROM "entries"[0m
  ↳ app/views/entries/index.html.erb:18
  Rendered entries/index.html.erb within layouts/application (Duration: 7.7ms | Allocations: 889)
[Webpacker] Compiling...
[Webpacker] Compilation failed:
node:internal/crypto/hash:67
  this[kHandle] = new _Hash(algorithm, xofLen);
                  ^

Error: error:0308010C:digital envelope routines::unsupported
    at new Hash (node:internal/crypto/hash:67:19)
    at Object.createHash (node:crypto:133:10)
    at module.exports (/Users/bmattholder/Virtual-Desktop/Dev/github/Ruby-on-Rails-Foodlog/node_modules/webpack/lib/util/createHash.js:135:53)
    at NormalModule._initBuildHash (/Users/bmattholder/Virtual-Desktop/Dev/github/Ruby-on-Rails-Foodlog/node_modules/webpack/lib/NormalModule.js:417:16)
    at handleParseError (/Users/bmattholder/Virtual-Desktop/Dev/github/Ruby-on-Rails-Foodlog/node_modules/webpack/lib/NormalModule.js:471:10)
    at /Users/bmattholder/Virtual-Desktop/Dev/github/Ruby-on-Rails-Foodlog/node_modules/webpack/lib/NormalModule.js:503:5
    at /Users/bmattholder/Virtual-Desktop/Dev/github/Ruby-on-Rails-Foodlog/node_modules/webpack/lib/NormalModule.js:358:12
    at /Users/bmattholder/Virtual-Desktop/Dev/github/Ruby-on-Rails-Foodlog/node_modules/loader-runner/lib/LoaderRunner.js:373:3
    at iterateNormalLoaders (/Users/bmattholder/Virtual-Desktop/Dev/github/Ruby-on-Rails-Foodlog/node_modules/loader-runner/lib/LoaderRunner.js:214:10)
    at iterateNormalLoaders (/Users/bmattholder/Virtual-Desktop/Dev/github/Ruby-on-Rails-Foodlog/node_modules/loader-runner/lib/LoaderRunner.js:221:10)
    at /Users/bmattholder/Virtual-Desktop/Dev/github/Ruby-on-Rails-Foodlog/node_modules/loader-runner/lib/LoaderRunner.js:236:3
    at context.callback (/Users/bmattholder/Virtual-Desktop/Dev/github/Ruby-on-Rails-Foodlog/node_modules/loader-runner/lib/LoaderRunner.js:111:13)
    at /Users/bmattholder/Virtual-Desktop/Dev/github/Ruby-on-Rails-Foodlog/node_modules/babel-loader/lib/index.js:59:71 {
  opensslErrorStack: [ 'error:03000086:digital envelope routines::initialization error' ],
  library: 'digital envelope routines',
  reason: 'unsupported',
  code: 'ERR_OSSL_EVP_UNSUPPORTED'
}

Node.js v18.2.0

  Rendered layout layouts/application.html.erb (Duration: 1866.3ms | Allocations: 6139)
Completed 500 Internal Server Error in 1872ms (ActiveRecord: 0.8ms | Allocations: 6521)


  
ActionView::Template::Error (Webpacker can't find application.js in /Users/bmattholder/Virtual-Desktop/Dev/github/Ruby-on-Rails-Foodlog/public/packs/manifest.json. Possible causes:
1. You want to set webpacker.yml value of compile to true for your environment
   unless you are using the `webpack -w` or the webpack-dev-server.
2. webpack has not yet re-run to reflect updates.
3. You have misconfigured Webpacker's config/webpacker.yml file.
4. Your webpack configuration is not creating a manifest.
Your manifest contains:
{
}
):
     7:     <%= csp_meta_tag %>
     8: 
     9:     <%= stylesheet_link_tag 'application', media: 'all', 'data-turbolinks-track': 'reload' %>
    10:     <%= javascript_pack_tag 'application', 'data-turbolinks-track': 'reload' %>
    11:   </head>
    12: 
    13:   <body>
  
app/views/layouts/application.html.erb:10
Started GET "/" for ::1 at 2022-06-10 23:20:18 -0500
Processing by EntriesController#index as HTML
  Rendering layout layouts/application.html.erb
  Rendering entries/index.html.erb within layouts/application
  [1m[36mEntry Load (0.4ms)[0m  [1m[34mSELECT "entries".* FROM "entries"[0m
  ↳ app/views/entries/index.html.erb:18
  Rendered entries/index.html.erb within layouts/application (Duration: 7.9ms | Allocations: 889)
[Webpacker] Compiling...
[Webpacker] Compilation failed:
node:internal/crypto/hash:67
  this[kHandle] = new _Hash(algorithm, xofLen);
                  ^

Error: error:0308010C:digital envelope routines::unsupported
    at new Hash (node:internal/crypto/hash:67:19)
    at Object.createHash (node:crypto:133:10)
    at module.exports (/Users/bmattholder/Virtual-Desktop/Dev/github/Ruby-on-Rails-Foodlog/node_modules/webpack/lib/util/createHash.js:135:53)
    at NormalModule._initBuildHash (/Users/bmattholder/Virtual-Desktop/Dev/github/Ruby-on-Rails-Foodlog/node_modules/webpack/lib/NormalModule.js:417:16)
    at handleParseError (/Users/bmattholder/Virtual-Desktop/Dev/github/Ruby-on-Rails-Foodlog/node_modules/webpack/lib/NormalModule.js:471:10)
    at /Users/bmattholder/Virtual-Desktop/Dev/github/Ruby-on-Rails-Foodlog/node_modules/webpack/lib/NormalModule.js:503:5
    at /Users/bmattholder/Virtual-Desktop/Dev/github/Ruby-on-Rails-Foodlog/node_modules/webpack/lib/NormalModule.js:358:12
    at /Users/bmattholder/Virtual-Desktop/Dev/github/Ruby-on-Rails-Foodlog/node_modules/loader-runner/lib/LoaderRunner.js:373:3
    at iterateNormalLoaders (/Users/bmattholder/Virtual-Desktop/Dev/github/Ruby-on-Rails-Foodlog/node_modules/loader-runner/lib/LoaderRunner.js:214:10)
    at iterateNormalLoaders (/Users/bmattholder/Virtual-Desktop/Dev/github/Ruby-on-Rails-Foodlog/node_modules/loader-runner/lib/LoaderRunner.js:221:10)
    at /Users/bmattholder/Virtual-Desktop/Dev/github/Ruby-on-Rails-Foodlog/node_modules/loader-runner/lib/LoaderRunner.js:236:3
    at context.callback (/Users/bmattholder/Virtual-Desktop/Dev/github/Ruby-on-Rails-Foodlog/node_modules/loader-runner/lib/LoaderRunner.js:111:13)
    at /Users/bmattholder/Virtual-Desktop/Dev/github/Ruby-on-Rails-Foodlog/node_modules/babel-loader/lib/index.js:59:71 {
  opensslErrorStack: [ 'error:03000086:digital envelope routines::initialization error' ],
  library: 'digital envelope routines',
  reason: 'unsupported',
  code: 'ERR_OSSL_EVP_UNSUPPORTED'
}

Node.js v18.2.0

  Rendered layout layouts/application.html.erb (Duration: 1699.2ms | Allocations: 6139)
Completed 500 Internal Server Error in 1701ms (ActiveRecord: 0.4ms | Allocations: 6519)


  
ActionView::Template::Error (Webpacker can't find application.js in /Users/bmattholder/Virtual-Desktop/Dev/github/Ruby-on-Rails-Foodlog/public/packs/manifest.json. Possible causes:
1. You want to set webpacker.yml value of compile to true for your environment
   unless you are using the `webpack -w` or the webpack-dev-server.
2. webpack has not yet re-run to reflect updates.
3. You have misconfigured Webpacker's config/webpacker.yml file.
4. Your webpack configuration is not creating a manifest.
Your manifest contains:
{
}
):
     7:     <%= csp_meta_tag %>
     8: 
     9:     <%= stylesheet_link_tag 'application', media: 'all', 'data-turbolinks-track': 'reload' %>
    10:     <%= javascript_pack_tag 'application', 'data-turbolinks-track': 'reload' %>
    11:   </head>
    12: 
    13:   <body>
  
app/views/layouts/application.html.erb:10
Started GET "/" for ::1 at 2022-06-10 23:22:10 -0500
Processing by EntriesController#index as HTML
  Rendering layout layouts/application.html.erb
  Rendering entries/index.html.erb within layouts/application
  [1m[36mEntry Load (0.6ms)[0m  [1m[34mSELECT "entries".* FROM "entries"[0m
  ↳ app/views/entries/index.html.erb:18
  Rendered entries/index.html.erb within layouts/application (Duration: 7.8ms | Allocations: 883)
[Webpacker] Compiling...
[Webpacker] Compilation failed:
node:internal/crypto/hash:67
  this[kHandle] = new _Hash(algorithm, xofLen);
                  ^

Error: error:0308010C:digital envelope routines::unsupported
    at new Hash (node:internal/crypto/hash:67:19)
    at Object.createHash (node:crypto:133:10)
    at module.exports (/Users/bmattholder/Virtual-Desktop/Dev/github/Ruby-on-Rails-Foodlog/node_modules/webpack/lib/util/createHash.js:135:53)
    at NormalModule._initBuildHash (/Users/bmattholder/Virtual-Desktop/Dev/github/Ruby-on-Rails-Foodlog/node_modules/webpack/lib/NormalModule.js:417:16)
    at handleParseError (/Users/bmattholder/Virtual-Desktop/Dev/github/Ruby-on-Rails-Foodlog/node_modules/webpack/lib/NormalModule.js:471:10)
    at /Users/bmattholder/Virtual-Desktop/Dev/github/Ruby-on-Rails-Foodlog/node_modules/webpack/lib/NormalModule.js:503:5
    at /Users/bmattholder/Virtual-Desktop/Dev/github/Ruby-on-Rails-Foodlog/node_modules/webpack/lib/NormalModule.js:358:12
    at /Users/bmattholder/Virtual-Desktop/Dev/github/Ruby-on-Rails-Foodlog/node_modules/loader-runner/lib/LoaderRunner.js:373:3
    at iterateNormalLoaders (/Users/bmattholder/Virtual-Desktop/Dev/github/Ruby-on-Rails-Foodlog/node_modules/loader-runner/lib/LoaderRunner.js:214:10)
    at iterateNormalLoaders (/Users/bmattholder/Virtual-Desktop/Dev/github/Ruby-on-Rails-Foodlog/node_modules/loader-runner/lib/LoaderRunner.js:221:10)
    at /Users/bmattholder/Virtual-Desktop/Dev/github/Ruby-on-Rails-Foodlog/node_modules/loader-runner/lib/LoaderRunner.js:236:3
    at context.callback (/Users/bmattholder/Virtual-Desktop/Dev/github/Ruby-on-Rails-Foodlog/node_modules/loader-runner/lib/LoaderRunner.js:111:13)
    at /Users/bmattholder/Virtual-Desktop/Dev/github/Ruby-on-Rails-Foodlog/node_modules/babel-loader/lib/index.js:59:71 {
  opensslErrorStack: [ 'error:03000086:digital envelope routines::initialization error' ],
  library: 'digital envelope routines',
  reason: 'unsupported',
  code: 'ERR_OSSL_EVP_UNSUPPORTED'
}

Node.js v18.2.0

  Rendered layout layouts/application.html.erb (Duration: 1826.3ms | Allocations: 6132)
Completed 500 Internal Server Error in 1829ms (ActiveRecord: 0.6ms | Allocations: 6502)


  
ActionView::Template::Error (Webpacker can't find application.js in /Users/bmattholder/Virtual-Desktop/Dev/github/Ruby-on-Rails-Foodlog/public/packs/manifest.json. Possible causes:
1. You want to set webpacker.yml value of compile to true for your environment
   unless you are using the `webpack -w` or the webpack-dev-server.
2. webpack has not yet re-run to reflect updates.
3. You have misconfigured Webpacker's config/webpacker.yml file.
4. Your webpack configuration is not creating a manifest.
Your manifest contains:
{
}
):
     7:     <%= csp_meta_tag %>
     8: 
     9:     <%= stylesheet_link_tag 'application', media: 'all', 'data-turbolinks-track': 'reload' %>
    10:     <%= javascript_pack_tag 'application', 'data-turbolinks-track': 'reload' %>
    11:   </head>
    12: 
    13:   <body>
  
app/views/layouts/application.html.erb:10
Started GET "/" for ::1 at 2022-06-10 23:22:21 -0500
Processing by EntriesController#index as HTML
  Rendering layout layouts/application.html.erb
  Rendering entries/index.html.erb within layouts/application
  [1m[36mEntry Load (0.3ms)[0m  [1m[34mSELECT "entries".* FROM "entries"[0m
  ↳ app/views/entries/index.html.erb:18
  Rendered entries/index.html.erb within layouts/application (Duration: 5.4ms | Allocations: 883)
[Webpacker] Compiling...
[Webpacker] Compilation failed:
node:internal/crypto/hash:67
  this[kHandle] = new _Hash(algorithm, xofLen);
                  ^

Error: error:0308010C:digital envelope routines::unsupported
    at new Hash (node:internal/crypto/hash:67:19)
    at Object.createHash (node:crypto:133:10)
    at module.exports (/Users/bmattholder/Virtual-Desktop/Dev/github/Ruby-on-Rails-Foodlog/node_modules/webpack/lib/util/createHash.js:135:53)
    at NormalModule._initBuildHash (/Users/bmattholder/Virtual-Desktop/Dev/github/Ruby-on-Rails-Foodlog/node_modules/webpack/lib/NormalModule.js:417:16)
    at handleParseError (/Users/bmattholder/Virtual-Desktop/Dev/github/Ruby-on-Rails-Foodlog/node_modules/webpack/lib/NormalModule.js:471:10)
    at /Users/bmattholder/Virtual-Desktop/Dev/github/Ruby-on-Rails-Foodlog/node_modules/webpack/lib/NormalModule.js:503:5
    at /Users/bmattholder/Virtual-Desktop/Dev/github/Ruby-on-Rails-Foodlog/node_modules/webpack/lib/NormalModule.js:358:12
    at /Users/bmattholder/Virtual-Desktop/Dev/github/Ruby-on-Rails-Foodlog/node_modules/loader-runner/lib/LoaderRunner.js:373:3
    at iterateNormalLoaders (/Users/bmattholder/Virtual-Desktop/Dev/github/Ruby-on-Rails-Foodlog/node_modules/loader-runner/lib/LoaderRunner.js:214:10)
    at iterateNormalLoaders (/Users/bmattholder/Virtual-Desktop/Dev/github/Ruby-on-Rails-Foodlog/node_modules/loader-runner/lib/LoaderRunner.js:221:10)
    at /Users/bmattholder/Virtual-Desktop/Dev/github/Ruby-on-Rails-Foodlog/node_modules/loader-runner/lib/LoaderRunner.js:236:3
    at context.callback (/Users/bmattholder/Virtual-Desktop/Dev/github/Ruby-on-Rails-Foodlog/node_modules/loader-runner/lib/LoaderRunner.js:111:13)
    at /Users/bmattholder/Virtual-Desktop/Dev/github/Ruby-on-Rails-Foodlog/node_modules/babel-loader/lib/index.js:59:71 {
  opensslErrorStack: [ 'error:03000086:digital envelope routines::initialization error' ],
  library: 'digital envelope routines',
  reason: 'unsupported',
  code: 'ERR_OSSL_EVP_UNSUPPORTED'
}

Node.js v18.2.0

  Rendered layout layouts/application.html.erb (Duration: 1632.0ms | Allocations: 6128)
Completed 500 Internal Server Error in 1634ms (ActiveRecord: 0.3ms | Allocations: 6498)


  
ActionView::Template::Error (Webpacker can't find application.js in /Users/bmattholder/Virtual-Desktop/Dev/github/Ruby-on-Rails-Foodlog/public/packs/manifest.json. Possible causes:
1. You want to set webpacker.yml value of compile to true for your environment
   unless you are using the `webpack -w` or the webpack-dev-server.
2. webpack has not yet re-run to reflect updates.
3. You have misconfigured Webpacker's config/webpacker.yml file.
4. Your webpack configuration is not creating a manifest.
Your manifest contains:
{
}
):
     7:     <%= csp_meta_tag %>
     8: 
     9:     <%= stylesheet_link_tag 'application', media: 'all', 'data-turbolinks-track': 'reload' %>
    10:     <%= javascript_pack_tag 'application', 'data-turbolinks-track': 'reload' %>
    11:   </head>
    12: 
    13:   <body>
  
app/views/layouts/application.html.erb:10
